<?xml version="1.0" encoding="UTF-8"?>
<!-- Generated by org.testng.reporters.JUnitReportReporter -->
<testsuite skipped="0" hostname="deschout-wolter" name="TestNG.AllTestCases" tests="3" failures="0" timestamp="08 apr 2018 20:06:24 GMT" time="41.178" errors="0">
  <testcase name="test1" time="15.065" classname="TestNG.AllTestCases"/>
  <testcase name="test2" time="13.422" classname="TestNG.AllTestCases"/>
  <testcase name="test3" time="12.691" classname="TestNG.AllTestCases"/>
</testsuite> <!-- TestNG.AllTestCases -->
