<?xml version="1.0" encoding="UTF-8"?>
<!-- Generated by org.testng.reporters.JUnitReportReporter -->
<testsuite skipped="0" hostname="deschout-wolter" name="TestNG.LoginTest" tests="1" failures="0" timestamp="07 apr 2018 19:24:50 GMT" time="21.311" errors="0">
  <testcase name="login" time="21.311" classname="TestNG.LoginTest"/>
</testsuite> <!-- TestNG.LoginTest -->
